[1125/094924:ERROR:process_reader_win.cc(232)] ReadMemory at 0x7ffdf000 of 560 bytes failed: Acesso negado. (0x5)
[1125/094924:ERROR:process_snapshot_win.cc(271)] ReadMemory PEB
[1125/094924:ERROR:process_reader_win.cc(98)] process 3576 not found
[1125/094924:ERROR:process_reader_win.cc(232)] ReadMemory at 0x30000 of 64 bytes failed: Acesso negado. (0x5)
[1125/094924:WARNING:pe_image_reader.cc(280)] could not read dos header from C:\Program Files\Google\Chrome\Application\chrome.exe
[1125/094924:ERROR:process_reader_win.cc(232)] ReadMemory at 0x76fa0000 of 64 bytes failed: Acesso negado. (0x5)
[1125/094924:WARNING:pe_image_reader.cc(280)] could not read dos header from C:\Windows\system32\ntdll.dll
[1125/094924:ERROR:process_reader_win.cc(232)] ReadMemory at 0x75f40000 of 64 bytes failed: Acesso negado. (0x5)
[1125/094924:WARNING:pe_image_reader.cc(280)] could not read dos header from C:\Windows\system32\KERNEL32.dll
[1125/094924:ERROR:process_reader_win.cc(232)] ReadMemory at 0x75bc0000 of 64 bytes failed: Acesso negado. (0x5)
[1125/094924:WARNING:pe_image_reader.cc(280)] could not read dos header from C:\Windows\system32\RPCRT4.dll
[1125/094924:ERROR:process_reader_win.cc(232)] ReadMemory at 0x76ed0000 of 64 bytes failed: Acesso negado. (0x5)
[1125/094924:WARNING:pe_image_reader.cc(280)] could not read dos header from C:\Windows\system32\ADVAPI32.dll
[1125/094924:ERROR:process_reader_win.cc(232)] ReadMemory at 0x6a590000 of 64 bytes failed: Acesso negado. (0x5)
[1125/094924:WARNING:pe_image_reader.cc(280)] could not read dos header from C:\Program Files\Google\Chrome\Application\49.0.2623.112\chrome_elf.dll
[1125/094924:ERROR:process_reader_win.cc(232)] ReadMemory at 0x75810000 of 64 bytes failed: Acesso negado. (0x5)
[1125/094924:WARNING:pe_image_reader.cc(280)] could not read dos header from C:\Windows\system32\msvcrt.dll
[1125/094924:ERROR:process_reader_win.cc(232)] ReadMemory at 0x75ce0000 of 64 bytes failed: Acesso negado. (0x5)
[1125/094924:WARNING:pe_image_reader.cc(280)] could not read dos header from C:\Windows\system32\USER32.dll
[1125/094924:ERROR:process_reader_win.cc(232)] ReadMemory at 0x77150000 of 64 bytes failed: Acesso negado. (0x5)
[1125/094924:WARNING:pe_image_reader.cc(280)] could not read dos header from C:\Windows\system32\GDI32.dll
[1125/094924:ERROR:process_reader_win.cc(232)] ReadMemory at 0x771a0000 of 64 bytes failed: Acesso negado. (0x5)
[1125/094924:WARNING:pe_image_reader.cc(280)] could not read dos header from C:\Windows\system32\SHLWAPI.dll
[1125/094924:ERROR:process_reader_win.cc(232)] ReadMemory at 0x72bf0000 of 64 bytes failed: Acesso negado. (0x5)
[1125/094924:WARNING:pe_image_reader.cc(280)] could not read dos header from C:\Windows\system32\WINHTTP.dll
[1125/094924:ERROR:process_reader_win.cc(232)] ReadMemory at 0x74ea0000 of 64 bytes failed: Acesso negado. (0x5)
[1125/094924:WARNING:pe_image_reader.cc(280)] could not read dos header from C:\Windows\system32\VERSION.dll
[1125/094924:ERROR:process_reader_win.cc(232)] ReadMemory at 0x75a40000 of 64 bytes failed: Acesso negado. (0x5)
[1125/094924:WARNING:pe_image_reader.cc(280)] could not read dos header from C:\Windows\system32\ole32.dll
[1125/094924:ERROR:process_reader_win.cc(232)] ReadMemory at 0x75eb0000 of 64 bytes failed: Acesso negado. (0x5)
[1125/094924:WARNING:pe_image_reader.cc(280)] could not read dos header from C:\Windows\system32\OLEAUT32.dll
[1125/094924:ERROR:process_reader_win.cc(232)] ReadMemory at 0x741f0000 of 64 bytes failed: Acesso negado. (0x5)
[1125/094924:WARNING:pe_image_reader.cc(280)] could not read dos header from C:\Windows\system32\OLEACC.dll
[1125/094924:ERROR:process_reader_win.cc(232)] ReadMemory at 0x74230000 of 64 bytes failed: Acesso negado. (0x5)
[1125/094924:WARNING:pe_image_reader.cc(280)] could not read dos header from C:\Windows\system32\WINMM.dll
[1125/094924:ERROR:process_reader_win.cc(232)] ReadMemory at 0x756a0000 of 64 bytes failed: Acesso negado. (0x5)
[1125/094924:WARNING:pe_image_reader.cc(280)] could not read dos header from C:\Windows\system32\Secur32.dll
[1125/094924:ERROR:process_reader_win.cc(232)] ReadMemory at 0x756c0000 of 64 bytes failed: Acesso negado. (0x5)
[1125/094924:WARNING:pe_image_reader.cc(280)] could not read dos header from C:\Windows\system32\USERENV.dll
[1125/094924:ERROR:process_reader_win.cc(232)] ReadMemory at 0x74770000 of 64 bytes failed: Acesso negado. (0x5)
[1125/094924:WARNING:pe_image_reader.cc(280)] could not read dos header from C:\Windows\system32\WTSAPI32.dll
[1125/094924:ERROR:process_reader_win.cc(232)] ReadMemory at 0x758c0000 of 64 bytes failed: Acesso negado. (0x5)
[1125/094924:WARNING:pe_image_reader.cc(280)] could not read dos header from C:\Windows\system32\MSCTF.dll
[1125/094924:ERROR:process_reader_win.cc(232)] ReadMemory at 0x76020000 of 64 bytes failed: Acesso negado. (0x5)
[1125/094924:WARNING:pe_image_reader.cc(280)] could not read dos header from C:\Windows\system32\IMM32.DLL
[1125/094924:ERROR:process_reader_win.cc(232)] ReadMemory at 0x759c0000 of 64 bytes failed: Acesso negado. (0x5)
[1125/094924:WARNING:pe_image_reader.cc(280)] could not read dos header from C:\Windows\system32\USP10.dll
[1125/094924:ERROR:process_reader_win.cc(232)] ReadMemory at 0x770d0000 of 64 bytes failed: Acesso negado. (0x5)
[1125/094924:WARNING:pe_image_reader.cc(280)] could not read dos header from C:\Windows\system32\LPK.DLL
[1125/094924:ERROR:process_reader_win.cc(232)] ReadMemory at 0x74560000 of 64 bytes failed: Acesso negado. (0x5)
[1125/094924:WARNING:pe_image_reader.cc(280)] could not read dos header from C:\Windows\WinSxS\x86_microsoft.windows.common-controls_6595b64144ccf1df_6.0.6002.18305_none_5cb72f2a088b0ed3\comctl32.dll
[1125/094924:ERROR:process_reader_win.cc(232)] ReadMemory at 0x760d0000 of 64 bytes failed: Acesso negado. (0x5)
[1125/094924:WARNING:pe_image_reader.cc(280)] could not read dos header from C:\Windows\system32\SHELL32.dll
[1125/094924:ERROR:process_reader_win.cc(232)] ReadMemory at 0x75770000 of 64 bytes failed: Acesso negado. (0x5)
[1125/094924:WARNING:pe_image_reader.cc(280)] could not read dos header from C:\Windows\system32\PSAPI.DLL
[1125/094924:ERROR:process_reader_win.cc(232)] ReadMemory at 0x6ca90000 of 64 bytes failed: Acesso negado. (0x5)
[1125/094924:WARNING:pe_image_reader.cc(280)] could not read dos header from C:\Windows\system32\WINSPOOL.DRV
[1125/094924:ERROR:process_reader_win.cc(232)] ReadMemory at 0x76e50000 of 64 bytes failed: Acesso negado. (0x5)
[1125/094924:WARNING:pe_image_reader.cc(280)] could not read dos header from C:\Windows\system32\COMDLG32.dll
[1125/094924:ERROR:process_reader_win.cc(232)] ReadMemory at 0x77140000 of 64 bytes failed: Acesso negado. (0x5)
[1125/094924:WARNING:pe_image_reader.cc(280)] could not read dos header from C:\Windows\system32\NSI.dll
[1125/094924:ERROR:process_reader_win.cc(232)] ReadMemory at 0x75b90000 of 64 bytes failed: Acesso negado. (0x5)
[1125/094924:WARNING:pe_image_reader.cc(280)] could not read dos header from C:\Windows\system32\WS2_32.dll
[1125/094924:ERROR:process_reader_win.cc(232)] ReadMemory at 0x752d0000 of 64 bytes failed: Acesso negado. (0x5)
[1125/094924:WARNING:pe_image_reader.cc(280)] could not read dos header from C:\Windows\system32\DNSAPI.dll
[1125/094924:ERROR:process_reader_win.cc(232)] ReadMemory at 0x74fb0000 of 64 bytes failed: Acesso negado. (0x5)
[1125/094924:WARNING:pe_image_reader.cc(280)] could not read dos header from C:\Windows\system32\WINNSI.DLL
[1125/094924:ERROR:process_reader_win.cc(232)] ReadMemory at 0x75030000 of 64 bytes failed: Acesso negado. (0x5)
[1125/094924:WARNING:pe_image_reader.cc(280)] could not read dos header from C:\Windows\system32\dhcpcsvc.DLL
[1125/094924:ERROR:process_reader_win.cc(232)] ReadMemory at 0x74f80000 of 64 bytes failed: Acesso negado. (0x5)
[1125/094924:WARNING:pe_image_reader.cc(280)] could not read dos header from C:\Windows\system32\dhcpcsvc6.DLL
[1125/094924:ERROR:process_reader_win.cc(232)] ReadMemory at 0x75070000 of 64 bytes failed: Acesso negado. (0x5)
[1125/094924:WARNING:pe_image_reader.cc(280)] could not read dos header from C:\Windows\system32\IPHLPAPI.DLL
[1125/094924:ERROR:process_reader_win.cc(232)] ReadMemory at 0x75270000 of 64 bytes failed: Acesso negado. (0x5)
[1125/094924:WARNING:pe_image_reader.cc(280)] could not read dos header from C:\Windows\system32\MSASN1.dll
[1125/094924:ERROR:process_reader_win.cc(232)] ReadMemory at 0x75110000 of 64 bytes failed: Acesso negado. (0x5)
[1125/094924:WARNING:pe_image_reader.cc(280)] could not read dos header from C:\Windows\system32\CRYPT32.dll
[1125/094924:ERROR:process_reader_win.cc(232)] ReadMemory at 0x75990000 of 64 bytes failed: Acesso negado. (0x5)
[1125/094924:WARNING:pe_image_reader.cc(280)] could not read dos header from C:\Windows\system32\imagehlp.dll
[1125/094924:ERROR:process_reader_win.cc(232)] ReadMemory at 0x73f20000 of 64 bytes failed: Acesso negado. (0x5)
[1125/094924:WARNING:pe_image_reader.cc(280)] could not read dos header from C:\Windows\system32\WINTRUST.dll
[1125/094924:ERROR:process_reader_win.cc(232)] ReadMemory at 0x54570000 of 64 bytes failed: Acesso negado. (0x5)
[1125/094924:WARNING:pe_image_reader.cc(280)] could not read dos header from C:\Program Files\Google\Chrome\Application\49.0.2623.112\chrome_child.dll
[1125/094924:ERROR:process_reader_win.cc(232)] ReadMemory at 0xdc154 of 12 bytes failed: Acesso negado. (0x5)
[1125/094924:WARNING:process_snapshot_win.cc(89)] ReadMemory ExceptionInformation failed
[1125/094924:WARNING:crash_report_exception_handler.cc(60)] ProcessSnapshotWin::InitializeException failed
[1125/094924:ERROR:scoped_process_suspend.cc(38)] NtResumeProcess, ntstatus=-1073741558
